<?xml version="1.0" encoding="UTF-8"?>
<testsuite xmlns:xsi="http://www.w3.org/2001/XMLSchema-instance" xsi:noNamespaceSchemaLocation="https://maven.apache.org/surefire/maven-surefire-plugin/xsd/surefire-test-report.xsd" name="upf.edu.TwitterFilterTest" time="0.037" tests="1" errors="0" skipped="0" failures="0">
  <properties>
    <property name="sun.desktop" value="windows"/>
    <property name="awt.toolkit" value="sun.awt.windows.WToolkit"/>
    <property name="file.encoding.pkg" value="sun.io"/>
    <property name="java.specification.version" value="1.8"/>
    <property name="sun.cpu.isalist" value="amd64"/>
    <property name="sun.jnu.encoding" value="Cp1252"/>
    <property name="java.class.path" value="C:\Users\marce\Marcel\Formació\Universitat\2019-2020\2nd Term\Large Distributed Systems\LSD-master\LSD\lab1\target\test-classes;C:\Users\marce\Marcel\Formació\Universitat\2019-2020\2nd Term\Large Distributed Systems\LSD-master\LSD\lab1\target\classes;C:\Users\marce\.m2\repository\com\google\code\gson\gson\2.8.6\gson-2.8.6.jar;C:\Users\marce\.m2\repository\com\amazonaws\aws-java-sdk-s3\1.11.715\aws-java-sdk-s3-1.11.715.jar;C:\Users\marce\.m2\repository\com\amazonaws\aws-java-sdk-kms\1.11.715\aws-java-sdk-kms-1.11.715.jar;C:\Users\marce\.m2\repository\com\amazonaws\aws-java-sdk-core\1.11.715\aws-java-sdk-core-1.11.715.jar;C:\Users\marce\.m2\repository\commons-logging\commons-logging\1.1.3\commons-logging-1.1.3.jar;C:\Users\marce\.m2\repository\org\apache\httpcomponents\httpclient\4.5.9\httpclient-4.5.9.jar;C:\Users\marce\.m2\repository\org\apache\httpcomponents\httpcore\4.4.11\httpcore-4.4.11.jar;C:\Users\marce\.m2\repository\commons-codec\commons-codec\1.11\commons-codec-1.11.jar;C:\Users\marce\.m2\repository\software\amazon\ion\ion-java\1.0.2\ion-java-1.0.2.jar;C:\Users\marce\.m2\repository\com\fasterxml\jackson\core\jackson-databind\2.6.7.3\jackson-databind-2.6.7.3.jar;C:\Users\marce\.m2\repository\com\fasterxml\jackson\core\jackson-annotations\2.6.0\jackson-annotations-2.6.0.jar;C:\Users\marce\.m2\repository\com\fasterxml\jackson\core\jackson-core\2.6.7\jackson-core-2.6.7.jar;C:\Users\marce\.m2\repository\com\fasterxml\jackson\dataformat\jackson-dataformat-cbor\2.6.7\jackson-dataformat-cbor-2.6.7.jar;C:\Users\marce\.m2\repository\joda-time\joda-time\2.8.1\joda-time-2.8.1.jar;C:\Users\marce\.m2\repository\com\amazonaws\jmespath-java\1.11.715\jmespath-java-1.11.715.jar;C:\Users\marce\.m2\repository\javax\xml\bind\jaxb-api\2.1\jaxb-api-2.1.jar;C:\Users\marce\.m2\repository\javax\xml\stream\stax-api\1.0-2\stax-api-1.0-2.jar;C:\Users\marce\.m2\repository\javax\activation\activation\1.1\activation-1.1.jar;C:\Users\marce\.m2\repository\junit\junit\4.11\junit-4.11.jar;C:\Users\marce\.m2\repository\org\hamcrest\hamcrest-core\1.3\hamcrest-core-1.3.jar;"/>
    <property name="java.vm.vendor" value="Oracle Corporation"/>
    <property name="sun.arch.data.model" value="64"/>
    <property name="user.variant" value=""/>
    <property name="java.vendor.url" value="http://java.oracle.com/"/>
    <property name="user.timezone" value="Europe/Paris"/>
    <property name="java.vm.specification.version" value="1.8"/>
    <property name="os.name" value="Windows 10"/>
    <property name="user.country" value="ES"/>
    <property name="sun.java.launcher" value="SUN_STANDARD"/>
    <property name="sun.boot.library.path" value="C:\PROGRA~1\Java\jdk1.8.0_191\jre\bin"/>
    <property name="sun.java.command" value="C:\Users\marce\AppData\Local\Temp\surefire8363056335807499162\surefirebooter1190320798312039387.jar C:\Users\marce\AppData\Local\Temp\surefire8363056335807499162 2020-02-07T14-10-58_163-jvmRun1 surefire8349096109230455172tmp surefire_04660832384316081384tmp"/>
    <property name="surefire.test.class.path" value="C:\Users\marce\Marcel\Formació\Universitat\2019-2020\2nd Term\Large Distributed Systems\LSD-master\LSD\lab1\target\test-classes;C:\Users\marce\Marcel\Formació\Universitat\2019-2020\2nd Term\Large Distributed Systems\LSD-master\LSD\lab1\target\classes;C:\Users\marce\.m2\repository\com\google\code\gson\gson\2.8.6\gson-2.8.6.jar;C:\Users\marce\.m2\repository\com\amazonaws\aws-java-sdk-s3\1.11.715\aws-java-sdk-s3-1.11.715.jar;C:\Users\marce\.m2\repository\com\amazonaws\aws-java-sdk-kms\1.11.715\aws-java-sdk-kms-1.11.715.jar;C:\Users\marce\.m2\repository\com\amazonaws\aws-java-sdk-core\1.11.715\aws-java-sdk-core-1.11.715.jar;C:\Users\marce\.m2\repository\commons-logging\commons-logging\1.1.3\commons-logging-1.1.3.jar;C:\Users\marce\.m2\repository\org\apache\httpcomponents\httpclient\4.5.9\httpclient-4.5.9.jar;C:\Users\marce\.m2\repository\org\apache\httpcomponents\httpcore\4.4.11\httpcore-4.4.11.jar;C:\Users\marce\.m2\repository\commons-codec\commons-codec\1.11\commons-codec-1.11.jar;C:\Users\marce\.m2\repository\software\amazon\ion\ion-java\1.0.2\ion-java-1.0.2.jar;C:\Users\marce\.m2\repository\com\fasterxml\jackson\core\jackson-databind\2.6.7.3\jackson-databind-2.6.7.3.jar;C:\Users\marce\.m2\repository\com\fasterxml\jackson\core\jackson-annotations\2.6.0\jackson-annotations-2.6.0.jar;C:\Users\marce\.m2\repository\com\fasterxml\jackson\core\jackson-core\2.6.7\jackson-core-2.6.7.jar;C:\Users\marce\.m2\repository\com\fasterxml\jackson\dataformat\jackson-dataformat-cbor\2.6.7\jackson-dataformat-cbor-2.6.7.jar;C:\Users\marce\.m2\repository\joda-time\joda-time\2.8.1\joda-time-2.8.1.jar;C:\Users\marce\.m2\repository\com\amazonaws\jmespath-java\1.11.715\jmespath-java-1.11.715.jar;C:\Users\marce\.m2\repository\javax\xml\bind\jaxb-api\2.1\jaxb-api-2.1.jar;C:\Users\marce\.m2\repository\javax\xml\stream\stax-api\1.0-2\stax-api-1.0-2.jar;C:\Users\marce\.m2\repository\javax\activation\activation\1.1\activation-1.1.jar;C:\Users\marce\.m2\repository\junit\junit\4.11\junit-4.11.jar;C:\Users\marce\.m2\repository\org\hamcrest\hamcrest-core\1.3\hamcrest-core-1.3.jar;"/>
    <property name="sun.cpu.endian" value="little"/>
    <property name="user.home" value="C:\Users\marce"/>
    <property name="user.language" value="ca"/>
    <property name="java.specification.vendor" value="Oracle Corporation"/>
    <property name="java.home" value="C:\PROGRA~1\Java\jdk1.8.0_191\jre"/>
    <property name="basedir" value="C:\Users\marce\Marcel\Formació\Universitat\2019-2020\2nd Term\Large Distributed Systems\LSD-master\LSD\lab1"/>
    <property name="file.separator" value="\"/>
    <property name="line.separator" value="&#10;"/>
    <property name="java.vm.specification.vendor" value="Oracle Corporation"/>
    <property name="java.specification.name" value="Java Platform API Specification"/>
    <property name="java.awt.graphicsenv" value="sun.awt.Win32GraphicsEnvironment"/>
    <property name="surefire.real.class.path" value="C:\Users\marce\AppData\Local\Temp\surefire8363056335807499162\surefirebooter1190320798312039387.jar"/>
    <property name="sun.boot.class.path" value="C:\PROGRA~1\Java\jdk1.8.0_191\jre\lib\resources.jar;C:\PROGRA~1\Java\jdk1.8.0_191\jre\lib\rt.jar;C:\PROGRA~1\Java\jdk1.8.0_191\jre\lib\sunrsasign.jar;C:\PROGRA~1\Java\jdk1.8.0_191\jre\lib\jsse.jar;C:\PROGRA~1\Java\jdk1.8.0_191\jre\lib\jce.jar;C:\PROGRA~1\Java\jdk1.8.0_191\jre\lib\charsets.jar;C:\PROGRA~1\Java\jdk1.8.0_191\jre\lib\jfr.jar;C:\PROGRA~1\Java\jdk1.8.0_191\jre\classes"/>
    <property name="user.script" value=""/>
    <property name="sun.management.compiler" value="HotSpot 64-Bit Tiered Compilers"/>
    <property name="java.runtime.version" value="1.8.0_191-b12"/>
    <property name="user.name" value="marce"/>
    <property name="path.separator" value=";"/>
    <property name="os.version" value="10.0"/>
    <property name="java.endorsed.dirs" value="C:\PROGRA~1\Java\jdk1.8.0_191\jre\lib\endorsed"/>
    <property name="java.runtime.name" value="Java(TM) SE Runtime Environment"/>
    <property name="file.encoding" value="Cp1252"/>
    <property name="java.vm.name" value="Java HotSpot(TM) 64-Bit Server VM"/>
    <property name="localRepository" value="C:\Users\marce\.m2\repository"/>
    <property name="java.vendor.url.bug" value="http://bugreport.sun.com/bugreport/"/>
    <property name="java.io.tmpdir" value="C:\Users\marce\AppData\Local\Temp\"/>
    <property name="java.version" value="1.8.0_191"/>
    <property name="user.dir" value="C:\Users\marce\Marcel\Formació\Universitat\2019-2020\2nd Term\Large Distributed Systems\LSD-master\LSD\lab1"/>
    <property name="os.arch" value="amd64"/>
    <property name="java.vm.specification.name" value="Java Virtual Machine Specification"/>
    <property name="java.awt.printerjob" value="sun.awt.windows.WPrinterJob"/>
    <property name="sun.os.patch.level" value=""/>
    <property name="java.library.path" value="C:\PROGRA~1\Java\jdk1.8.0_191\jre\bin;C:\WINDOWS\Sun\Java\bin;C:\WINDOWS\system32;C:\WINDOWS;C:\Program Files (x86)\Common Files\Intel\Shared Libraries\redist\intel64\compiler;C:\Program Files (x86)\Intel\Intel(R) Management Engine Components\iCLS\;C:\Program Files\Intel\Intel(R) Management Engine Components\iCLS\;C:\Windows\system32;C:\Windows;C:\Windows\System32\Wbem;C:\Windows\System32\WindowsPowerShell\v1.0\;C:\Program Files (x86)\Intel\Intel(R) Management Engine Components\DAL;C:\Program Files\Intel\Intel(R) Management Engine Components\DAL;C:\Program Files (x86)\Intel\Intel(R) Management Engine Components\IPT;C:\Program Files\Intel\Intel(R) Management Engine Components\IPT;C:\Program Files (x86)\NVIDIA Corporation\PhysX\Common;C:\Program Files\Java\jdk1.8.0_191\bin;C:\WINDOWS;C:\WINDOWS\System32\Wbem;C:\WINDOWS\System32\WindowsPowerShell\v1.0\;C:\WINDOWS\System32\OpenSSH\;C:\WINDOWS\system32;C:\Program Files (x86)\SMLNJ\bin\;C:\Program Files\MATLAB\R2018b\bin;C:\Program Files\Amazon\AWSCLI\bin\;C:\Users\marce\AppData\Local\Microsoft\WindowsApps;C:\Users\marce\AppData\Local\atom\bin;C:\Users\marce\AppData\Local\Microsoft\WindowsApps;C:\PROGRA~1\Java\jdk1.8.0_191\bin;C:\Program Files (x86)\apache Maven\apache-maven-3.6.3\bin;C:\Users\marce\Spark\bin;C:\winutils\bin;C:\Program Files\Amazon\AWSCLI\bin;;."/>
    <property name="java.vm.info" value="mixed mode"/>
    <property name="java.vendor" value="Oracle Corporation"/>
    <property name="java.vm.version" value="25.191-b12"/>
    <property name="java.ext.dirs" value="C:\PROGRA~1\Java\jdk1.8.0_191\jre\lib\ext;C:\WINDOWS\Sun\Java\lib\ext"/>
    <property name="sun.io.unicode.encoding" value="UnicodeLittle"/>
    <property name="java.class.version" value="52.0"/>
  </properties>
  <testcase name="shouldAnswerWithTrue" classname="upf.edu.TwitterFilterTest" time="0.002"/>
</testsuite>